<?xml version="1.0" encoding="UTF-8"?>
<!-- Generated by org.testng.reporters.JUnitReportReporter -->
<testsuite hostname="DESKTOP-SS5UEKF" failures="0" tests="4" name="com.acti.testcase.LoginPageTests" time="32.417" errors="0" timestamp="2023-09-26T10:44:48 CDT" skipped="0">
  <testcase classname="com.acti.testcase.LoginPageTests" name="testLoginPageTitle" time="9.074"/>
  <system-out/>
  <testcase classname="com.acti.testcase.LoginPageTests" name="testLoginFuncation" time="10.543"/>
  <system-out/>
  <testcase classname="com.acti.testcase.LoginPageTests" name="testActiImgDisplayed" time="6.497"/>
  <system-out/>
  <testcase classname="com.acti.testcase.LoginPageTests" name="testForgotPasswordLinkDisplayed" time="6.303"/>
  <system-out/>
</testsuite> <!-- com.acti.testcase.LoginPageTests -->
