<?xml version="1.0" encoding="UTF-8"?>
<!-- Generated by org.testng.reporters.JUnitReportReporter -->
<testsuite hostname="DESKTOP-SS5UEKF" failures="0" tests="1" name="com.acti.testcases.LoginPageTest" time="26.750" errors="0" timestamp="2023-09-21T07:45:43 CDT" skipped="0">
  <testcase classname="com.acti.testcases.LoginPageTest" name="testLoginFuncation" time="26.750"/>
  <system-out/>
</testsuite> <!-- com.acti.testcases.LoginPageTest -->
