<?xml version="1.0" encoding="UTF-8"?>
<!-- Generated by org.testng.reporters.JUnitReportReporter -->
<testsuite hostname="DESKTOP-SS5UEKF" failures="0" tests="2" name="com.acti.testcase.TaskPageTests" time="50.812" errors="0" timestamp="2023-10-05T14:17:46 CDT" skipped="0">
  <testcase classname="com.acti.testcase.TaskPageTests" name="testCreateNewCustomer" time="27.065"/>
  <system-out/>
  <testcase classname="com.acti.testcase.TaskPageTests" name="testDeleteCustomer" time="23.747"/>
  <system-out/>
</testsuite> <!-- com.acti.testcase.TaskPageTests -->
