<?xml version="1.0" encoding="UTF-8"?>
<!-- Generated by org.testng.reporters.JUnitReportReporter -->
<testsuite hostname="DESKTOP-SS5UEKF" failures="0" tests="4" name="com.acti.testcase.LoginPageTests" time="35.481" errors="0" timestamp="2023-09-25T22:10:00 CDT" skipped="0">
  <testcase classname="com.acti.testcase.LoginPageTests" name="testLoginPageTitle" time="8.164"/>
  <system-out/>
  <testcase classname="com.acti.testcase.LoginPageTests" name="testLoginFuncation" time="15.162"/>
  <system-out/>
  <testcase classname="com.acti.testcase.LoginPageTests" name="testActiImgDisplayed" time="6.370"/>
  <system-out/>
  <testcase classname="com.acti.testcase.LoginPageTests" name="testForgotPasswordLinkDisplayed" time="5.785"/>
  <system-out/>
</testsuite> <!-- com.acti.testcase.LoginPageTests -->
